<?xml version="1.0" encoding="UTF-8"?>
<testng-results skipped="0" failed="0" total="1" passed="1">
  <reporter-output>
  </reporter-output>
  <suite name="net.yst.test.TestLogin" duration-ms="8342" started-at="2016-07-08T10:01:53Z" finished-at="2016-07-08T10:02:01Z">
    <groups>
    </groups>
    <test name="Command line test" duration-ms="8342" started-at="2016-07-08T10:01:53Z" finished-at="2016-07-08T10:02:01Z">
      <class name="net.yst.test.TestLogin">
        <test-method status="PASS" signature="beforeMethod()[pri:0, instance:net.yst.test.TestLogin@643faf]" name="beforeMethod" is-config="true" duration-ms="2767" started-at="2016-07-08T10:01:53Z" finished-at="2016-07-08T10:01:56Z">
        </test-method>
        <test-method status="PASS" signature="testLogin()[pri:0, instance:net.yst.test.TestLogin@643faf]" name="testLogin" duration-ms="4748" started-at="2016-07-08T10:01:56Z" finished-at="2016-07-08T10:02:00Z">
        </test-method>
        <test-method status="PASS" signature="afterMethod()[pri:0, instance:net.yst.test.TestLogin@643faf]" name="afterMethod" is-config="true" duration-ms="816" started-at="2016-07-08T10:02:00Z" finished-at="2016-07-08T10:02:01Z">
        </test-method>
      </class>
    </test>
  </suite>
</testng-results>
